<?xml version="1.0" encoding="UTF-8"?>
<testsuite name="Test"
           tests="5"
           failures="0"
           errors="0"
           skipped="0"
           time="0.020">
  <properties />
  
  
            <testcase name="buyItem" time="0.000" classname="com.croma.example.Demo" />
                <testcase name="shippingDetails" time="0.010" classname="com.croma.example.Demo" />
                <testcase name="login" time="0.000" classname="com.croma.example.Demo" />
                <testcase name="selectCategroy" time="0.000" classname="com.croma.example.Demo" />
                <testcase name="createUser" time="0.010" classname="com.croma.example.Demo" />
      
</testsuite>
