<?xml version="1.0" encoding="UTF-8"?>
<!-- Generated by org.testng.reporters.JUnitXMLReporter -->
<testsuite hostname="HC13-08" name="FF" tests="16" failures="1" timestamp="13 Sep 2015 09:08:35 GMT" time="0.018" errors="0">
  <testcase name="register" time="0.001" classname="com.croma.pack1.MyTestClassTwo"/>
  <testcase name="register" time="0.001" classname="com.croma.pack2.TestDemo1"/>
  <testcase name="fillAddressDetails" time="0.003" classname="com.croma.pack1.MyTestClass"/>
  <testcase name="login" time="0.0" classname="com.croma.pack2.TestDemo1"/>
  <testcase name="selectCategory" time="0.0" classname="com.croma.pack2.TestDemo1"/>
  <testcase name="login" time="0.002" classname="com.croma.pack1.MyTestClassTwo"/>
  <testcase name="makePayment" time="0.002" classname="com.croma.pack1.MyTestClass"/>
  <testcase name="buyMobile" time="0.0" classname="com.croma.pack2.TestDemo1"/>
  <testcase name="register" time="0.0" classname="com.croma.pack1.MyTestClass"/>
  <testcase name="selectCategory" time="0.001" classname="com.croma.pack1.MyTestClassTwo">
    <failure type="java.lang.Exception">
      <![CDATA[java.lang.Exception
	at com.croma.pack1.MyTestClassTwo.selectCategory(MyTestClassTwo.java:29)
	at java.util.concurrent.ThreadPoolExecutor.runWorker(Unknown Source)
	at java.util.concurrent.ThreadPoolExecutor$Worker.run(Unknown Source)
	at java.lang.Thread.run(Unknown Source)
... Removed 10 stack frames]]>
    </failure>
  </testcase> <!-- selectCategory -->
  <testcase name="buyMobile" time="0.0" classname="com.croma.pack1.MyTestClassTwo">
    <skipped/>
  </testcase> <!-- buyMobile -->
  <testcase name="login" time="0.001" classname="com.croma.pack1.MyTestClass"/>
  <testcase name="fillAddressDetails" time="0.0" classname="com.croma.pack1.MyTestClassTwo">
    <skipped/>
  </testcase> <!-- fillAddressDetails -->
  <testcase name="selectCategory" time="0.0" classname="com.croma.pack1.MyTestClass"/>
  <testcase name="makePayment" time="0.0" classname="com.croma.pack1.MyTestClassTwo">
    <skipped/>
  </testcase> <!-- makePayment -->
  <testcase name="buyMobile" time="0.0" classname="com.croma.pack1.MyTestClass"/>
</testsuite> <!-- FF -->
