<?xml version="1.0" encoding="UTF-8"?>
<!-- Generated by org.testng.reporters.JUnitXMLReporter -->
<testsuite hostname="HC13-08" name="IE" tests="16" failures="0" timestamp="6 Sep 2015 06:37:08 GMT" time="0.08" errors="0">
  <testcase name="register" time="0.01" classname="com.croma.pack1.MyTestClassTwo"/>
  <testcase name="register" time="0.0" classname="com.croma.pack1.MyTestClass"/>
  <testcase name="register" time="0.0" classname="com.croma.pack2.TestDemo1"/>
  <testcase name="login" time="0.0" classname="com.croma.pack1.MyTestClassTwo"/>
  <testcase name="login" time="0.01" classname="com.croma.pack1.MyTestClass"/>
  <testcase name="login" time="0.0" classname="com.croma.pack2.TestDemo1"/>
  <testcase name="selectCategory" time="0.0" classname="com.croma.pack1.MyTestClassTwo"/>
  <testcase name="selectCategory" time="0.01" classname="com.croma.pack1.MyTestClass"/>
  <testcase name="selectCategory" time="0.0" classname="com.croma.pack2.TestDemo1"/>
  <testcase name="buyMobile" time="0.01" classname="com.croma.pack1.MyTestClassTwo"/>
  <testcase name="buyMobile" time="0.0" classname="com.croma.pack1.MyTestClass"/>
  <testcase name="buyMobile" time="0.0" classname="com.croma.pack2.TestDemo1"/>
  <testcase name="fillAddressDetails" time="0.0" classname="com.croma.pack1.MyTestClassTwo"/>
  <testcase name="fillAddressDetails" time="0.0" classname="com.croma.pack1.MyTestClass"/>
  <testcase name="makePayment" time="0.0" classname="com.croma.pack1.MyTestClassTwo"/>
  <testcase name="makePayment" time="0.0" classname="com.croma.pack1.MyTestClass"/>
</testsuite> <!-- IE -->
