<?xml version="1.0" encoding="UTF-8"?>
<!-- Generated by org.testng.reporters.JUnitXMLReporter -->
<testsuite hostname="HC13-08" name="second intance" tests="6" failures="0" timestamp="6 Sep 2015 06:06:03 GMT" time="0.05" errors="0">
  <testcase name="register" time="0.01" classname="com.croma.pack1.MyTestClass"/>
  <testcase name="login" time="0.0" classname="com.croma.pack1.MyTestClass"/>
  <testcase name="selectCategory" time="0.0" classname="com.croma.pack1.MyTestClass"/>
  <testcase name="buyMobile" time="0.01" classname="com.croma.pack1.MyTestClass"/>
  <testcase name="fillAddressDetails" time="0.0" classname="com.croma.pack1.MyTestClass"/>
  <testcase name="makePayment" time="0.0" classname="com.croma.pack1.MyTestClass"/>
</testsuite> <!-- second intance -->
