<?xml version="1.0" encoding="UTF-8"?>
<!-- Generated by org.testng.reporters.JUnitXMLReporter -->
<testsuite hostname="HC13-08" name="Test4" tests="5" failures="0" timestamp="27 Feb 2016 07:36:05 GMT" time="0.016" errors="0">
  <testcase name="testLogin" time="0.0" classname="com.croma.pack2.TestListener"/>
  <testcase name="register" time="0.0" classname="com.croma.pack2.TestDemo1"/>
  <testcase name="login" time="0.0" classname="com.croma.pack2.TestDemo1"/>
  <testcase name="selectCategory" time="0.0" classname="com.croma.pack2.TestDemo1"/>
  <testcase name="buyMobile" time="0.0" classname="com.croma.pack2.TestDemo1"/>
</testsuite> <!-- Test4 -->
