<?xml version="1.0" encoding="UTF-8"?>
<!-- Generated by org.testng.reporters.JUnitXMLReporter -->
<testsuite hostname="HC13-08" name="TestSuit1" tests="7" failures="0" timestamp="28 May 2016 06:53:14 GMT" time="0.04" errors="0">
  <testcase name="createUser" time="0.01" classname="com.croma.example.TestNGAnnotation"/>
  <testcase name="createUser" time="0.01" classname="com.croma.example.Demo"/>
  <testcase name="login" time="0.0" classname="com.croma.example.TestNGAnnotation"/>
  <testcase name="login" time="0.0" classname="com.croma.example.Demo"/>
  <testcase name="cselectCategroy" time="0.0" classname="com.croma.example.TestNGAnnotation"/>
  <testcase name="buyItem" time="0.0" classname="com.croma.example.TestNGAnnotation"/>
  <testcase name="shippingDetails" time="0.0" classname="com.croma.example.TestNGAnnotation"/>
</testsuite> <!-- TestSuit1 -->
