<?xml version="1.0" encoding="UTF-8"?>
<!-- Generated by org.testng.reporters.JUnitXMLReporter -->
<testsuite hostname="HC13-08" name="Test2" tests="10" failures="0" timestamp="12 Jun 2016 08:36:33 GMT" time="0.06" errors="0">
  <testcase name="createUser" time="0.0" classname="com.croma.example.Demo"/>
  <testcase name="createUser" time="0.0" classname="com.croma.example.TestNGAnnotation"/>
  <testcase name="login" time="0.0" classname="com.croma.example.Demo"/>
  <testcase name="login" time="0.0" classname="com.croma.example.TestNGAnnotation">
    <skipped/>
  </testcase> <!-- login -->
  <testcase name="selectCategroy" time="0.0" classname="com.croma.example.Demo"/>
  <testcase name="cselectCategroy" time="0.0" classname="com.croma.example.TestNGAnnotation">
    <skipped/>
  </testcase> <!-- cselectCategroy -->
  <testcase name="buyItem" time="0.01" classname="com.croma.example.Demo"/>
  <testcase name="buyItem" time="0.01" classname="com.croma.example.TestNGAnnotation">
    <skipped/>
  </testcase> <!-- buyItem -->
  <testcase name="shippingDetails" time="0.0" classname="com.croma.example.Demo"/>
  <testcase name="shippingDetails" time="0.0" classname="com.croma.example.TestNGAnnotation">
    <skipped/>
  </testcase> <!-- shippingDetails -->
</testsuite> <!-- Test2 -->
