<?xml version="1.0" encoding="UTF-8"?>
<!-- Generated by org.testng.reporters.JUnitXMLReporter -->
<testsuite hostname="HC13-08" name="third  intance" tests="4" failures="0" timestamp="6 Sep 2015 06:06:03 GMT" time="0.06" errors="0">
  <testcase name="register" time="0.01" classname="com.croma.pack2.TestDemo1"/>
  <testcase name="login" time="0.0" classname="com.croma.pack2.TestDemo1"/>
  <testcase name="selectCategory" time="0.0" classname="com.croma.pack2.TestDemo1"/>
  <testcase name="buyMobile" time="0.0" classname="com.croma.pack2.TestDemo1"/>
</testsuite> <!-- third  intance -->
